[debug] [2022-08-07T09:23:34.688Z] ----------------------------------------------------------------------
[debug] [2022-08-07T09:23:34.689Z] Command:       C:\Program Files\nodejs\node.exe C:\Users\ranje\AppData\Roaming\npm\node_modules\firebase-tools\lib\bin\firebase.js init
[debug] [2022-08-07T09:23:34.690Z] CLI Version:   11.4.2
[debug] [2022-08-07T09:23:34.690Z] Platform:      win32
[debug] [2022-08-07T09:23:34.690Z] Node Version:  v16.16.0
[debug] [2022-08-07T09:23:34.691Z] Time:          Sun Aug 07 2022 14:53:34 GMT+0530 (India Standard Time)
[debug] [2022-08-07T09:23:34.691Z] ----------------------------------------------------------------------
[debug] 
[debug] [2022-08-07T09:23:34.737Z] > command requires scopes: ["email","openid","https://www.googleapis.com/auth/cloudplatformprojects.readonly","https://www.googleapis.com/auth/firebase","https://www.googleapis.com/auth/cloud-platform"]
[debug] [2022-08-07T09:23:34.737Z] > authorizing via signed-in user (ranjeetkumarjayswal41@gmail.com)
[info] 
     ######## #### ########  ######## ########     ###     ######  ########
     ##        ##  ##     ## ##       ##     ##  ##   ##  ##       ##
     ######    ##  ########  ######   ########  #########  ######  ######
     ##        ##  ##    ##  ##       ##     ## ##     ##       ## ##
     ##       #### ##     ## ######## ########  ##     ##  ######  ########

You're about to initialize a Firebase project in this directory:

  D:\Angularquiz\AngularQuiz

Before we get started, keep in mind:

  * You are initializing within an existing Firebase project directory

[info] 
=== Project Setup
[info] 
[info] First, let's associate this project directory with a Firebase project.
[info] You can create multiple project aliases by running firebase use --add, 
[info] but for now we'll just set up a default project.
[info] 
[debug] [2022-08-07T09:23:54.377Z] Using project from CLI flag: quizapp-9bbc6
[debug] [2022-08-07T09:23:54.379Z] >>> [apiv2][query] GET https://firebase.googleapis.com/v1beta1/projects/quizapp-9bbc6 [none]
[debug] [2022-08-07T09:23:54.838Z] <<< [apiv2][status] GET https://firebase.googleapis.com/v1beta1/projects/quizapp-9bbc6 200
[debug] [2022-08-07T09:23:54.838Z] <<< [apiv2][body] GET https://firebase.googleapis.com/v1beta1/projects/quizapp-9bbc6 {"projectId":"quizapp-9bbc6","projectNumber":"342294177611","displayName":"quizApp","name":"projects/quizapp-9bbc6","resources":{"hostingSite":"quizapp-9bbc6"},"state":"ACTIVE","etag":"1_d3301bef-471d-4134-9904-bbfbb84bbbed"}
[info] i  Using project quizapp-9bbc6 (quizApp) 
[info] 
=== Hosting:github Setup
[info] 
[info] i  Detected a .git folder at D:\Angularquiz\AngularQuiz 
[info] i  Authorizing with GitHub to upload your service account to a GitHub repository's secrets store. 
[info] 
[info] Visit this URL on this device to log in:
[info] https://github.com/login/oauth/authorize?client_id=89cf50f02ac6aaed3484&state=717251013&redirect_uri=http%3A%2F%2Flocalhost%3A9005&scope=read%3Auser%20repo%20public_repo
[info] 
[info] Waiting for authentication...
[debug] [2022-08-07T09:24:55.503Z] >>> [apiv2][query] POST https://github.com/login/oauth/access_token [none]
[debug] [2022-08-07T09:24:55.503Z] >>> [apiv2][body] POST https://github.com/login/oauth/access_token [stream]
[debug] [2022-08-07T09:24:55.872Z] <<< [apiv2][status] POST https://github.com/login/oauth/access_token 200
[debug] [2022-08-07T09:24:55.872Z] <<< [apiv2][body] POST https://github.com/login/oauth/access_token {"access_token":"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","token_type":"bearer","scope":"read:user,repo"}
[debug] [2022-08-07T09:24:55.876Z] >>> [apiv2][query] GET https://api.github.com/user [none]
[debug] [2022-08-07T09:24:56.458Z] <<< [apiv2][status] GET https://api.github.com/user 200
[debug] [2022-08-07T09:24:56.458Z] <<< [apiv2][body] GET https://api.github.com/user {"login":"ranjeet41","id":93964701,"node_id":"U_kgDOBZnJnQ","avatar_url":"https://avatars.githubusercontent.com/u/93964701?v=4","gravatar_id":"","url":"https://api.github.com/users/ranjeet41","html_url":"https://github.com/ranjeet41","followers_url":"https://api.github.com/users/ranjeet41/followers","following_url":"https://api.github.com/users/ranjeet41/following{/other_user}","gists_url":"https://api.github.com/users/ranjeet41/gists{/gist_id}","starred_url":"https://api.github.com/users/ranjeet41/starred{/owner}{/repo}","subscriptions_url":"https://api.github.com/users/ranjeet41/subscriptions","organizations_url":"https://api.github.com/users/ranjeet41/orgs","repos_url":"https://api.github.com/users/ranjeet41/repos","events_url":"https://api.github.com/users/ranjeet41/events{/privacy}","received_events_url":"https://api.github.com/users/ranjeet41/received_events","type":"User","site_admin":false,"name":null,"company":null,"blog":"https://github.com/ranjeet41/React-js.git","location":null,"email":null,"hireable":null,"bio":null,"twitter_username":null,"public_repos":4,"public_gists":0,"followers":0,"following":0,"created_at":"2021-11-09T04:44:17Z","updated_at":"2022-03-24T12:06:42Z","private_gists":0,"total_private_repos":0,"owned_private_repos":0,"disk_usage":8714,"collaborators":0,"two_factor_authentication":false,"plan":{"name":"free","space":976562499,"collaborators":0,"private_repos":10000}}
[info] 
[info] +  Success! Logged into GitHub as ranjeet41 
[info] 
[debug] [2022-08-07T09:25:42.191Z] >>> [apiv2][query] GET https://api.github.com/repos/quizApp/actions/secrets/public-key type=owner
[debug] [2022-08-07T09:25:43.686Z] <<< [apiv2][status] GET https://api.github.com/repos/quizApp/actions/secrets/public-key 404
[debug] [2022-08-07T09:25:43.686Z] <<< [apiv2][body] GET https://api.github.com/repos/quizApp/actions/secrets/public-key {"message":"Not Found","documentation_url":"https://docs.github.com/rest"}
[debug] [2022-08-07T09:26:05.384Z] >>> [apiv2][query] GET https://api.github.com/repos/quizApp/actions/secrets/public-key type=owner
[debug] [2022-08-07T09:26:05.703Z] <<< [apiv2][status] GET https://api.github.com/repos/quizApp/actions/secrets/public-key 404
[debug] [2022-08-07T09:26:05.704Z] <<< [apiv2][body] GET https://api.github.com/repos/quizApp/actions/secrets/public-key {"message":"Not Found","documentation_url":"https://docs.github.com/rest"}
